  inputOutput.c
  main.c
D:\School\T195ComputerScienceConversion_24fall\26Spring\SE1\Programs\lab2_music\inputOutput.c(54,26): warning C4267: '=': conversion from 'size_t' to 'int', possible loss of data
D:\School\T195ComputerScienceConversion_24fall\26Spring\SE1\Programs\lab2_music\main.c(57,18): warning C4267: '=': conversion from 'size_t' to 'int', possible loss of data
D:\School\T195ComputerScienceConversion_24fall\26Spring\SE1\Programs\lab2_music\main.c(83,9): error C4996: 'strcpy': This function or variable may be unsafe. Consider using strcpy_s instead. To disable deprecation, use _CRT_SECURE_NO_WARNINGS. See online help for details.
  sortAndShuffle.c
D:\School\T195ComputerScienceConversion_24fall\26Spring\SE1\Programs\lab2_music\sortAndShuffle.c(40,17): error C4996: 'strcpy': This function or variable may be unsafe. Consider using strcpy_s instead. To disable deprecation, use _CRT_SECURE_NO_WARNINGS. See online help for details.
D:\School\T195ComputerScienceConversion_24fall\26Spring\SE1\Programs\lab2_music\sortAndShuffle.c(41,17): error C4996: 'strcpy': This function or variable may be unsafe. Consider using strcpy_s instead. To disable deprecation, use _CRT_SECURE_NO_WARNINGS. See online help for details.
D:\School\T195ComputerScienceConversion_24fall\26Spring\SE1\Programs\lab2_music\sortAndShuffle.c(42,17): error C4996: 'strcpy': This function or variable may be unsafe. Consider using strcpy_s instead. To disable deprecation, use _CRT_SECURE_NO_WARNINGS. See online help for details.
D:\School\T195ComputerScienceConversion_24fall\26Spring\SE1\Programs\lab2_music\sortAndShuffle.c(81,17): error C4996: 'strcpy': This function or variable may be unsafe. Consider using strcpy_s instead. To disable deprecation, use _CRT_SECURE_NO_WARNINGS. See online help for details.
D:\School\T195ComputerScienceConversion_24fall\26Spring\SE1\Programs\lab2_music\sortAndShuffle.c(82,17): error C4996: 'strcpy': This function or variable may be unsafe. Consider using strcpy_s instead. To disable deprecation, use _CRT_SECURE_NO_WARNINGS. See online help for details.
D:\School\T195ComputerScienceConversion_24fall\26Spring\SE1\Programs\lab2_music\sortAndShuffle.c(83,17): error C4996: 'strcpy': This function or variable may be unsafe. Consider using strcpy_s instead. To disable deprecation, use _CRT_SECURE_NO_WARNINGS. See online help for details.
D:\School\T195ComputerScienceConversion_24fall\26Spring\SE1\Programs\lab2_music\sortAndShuffle.c(105,9): error C4996: 'strcpy': This function or variable may be unsafe. Consider using strcpy_s instead. To disable deprecation, use _CRT_SECURE_NO_WARNINGS. See online help for details.
D:\School\T195ComputerScienceConversion_24fall\26Spring\SE1\Programs\lab2_music\sortAndShuffle.c(107,9): error C4996: 'strcat': This function or variable may be unsafe. Consider using strcat_s instead. To disable deprecation, use _CRT_SECURE_NO_WARNINGS. See online help for details.
D:\School\T195ComputerScienceConversion_24fall\26Spring\SE1\Programs\lab2_music\sortAndShuffle.c(109,9): error C4996: 'strcat': This function or variable may be unsafe. Consider using strcat_s instead. To disable deprecation, use _CRT_SECURE_NO_WARNINGS. See online help for details.
D:\School\T195ComputerScienceConversion_24fall\26Spring\SE1\Programs\lab2_music\sortAndShuffle.c(128,11): warning C4244: 'function': conversion from 'time_t' to 'unsigned int', possible loss of data
D:\School\T195ComputerScienceConversion_24fall\26Spring\SE1\Programs\lab2_music\sortAndShuffle.c(135,17): error C4996: 'strcpy': This function or variable may be unsafe. Consider using strcpy_s instead. To disable deprecation, use _CRT_SECURE_NO_WARNINGS. See online help for details.
D:\School\T195ComputerScienceConversion_24fall\26Spring\SE1\Programs\lab2_music\sortAndShuffle.c(136,17): error C4996: 'strcpy': This function or variable may be unsafe. Consider using strcpy_s instead. To disable deprecation, use _CRT_SECURE_NO_WARNINGS. See online help for details.
D:\School\T195ComputerScienceConversion_24fall\26Spring\SE1\Programs\lab2_music\sortAndShuffle.c(137,17): error C4996: 'strcpy': This function or variable may be unsafe. Consider using strcpy_s instead. To disable deprecation, use _CRT_SECURE_NO_WARNINGS. See online help for details.
  Generating Code...
